warning: Git tree '/home/aeron/Repos/aerixos' is dirty
building the system configuration...
warning: Git tree '/home/aeron/Repos/aerixos' is dirty
trace: warning: cudaPackages.autoAddDriverRunpath is deprecated, use pkgs.autoAddDriverRunpath instead
trace: warning: cudaPackages.autoAddDriverRunpath is deprecated, use pkgs.autoAddDriverRunpath instead
these 26 derivations will be built:
  /nix/store/yz10rk4zb7ihvl77cn1jmxms299v8786-source.drv
  /nix/store/3z7x8phf5ylww3lzbirzg7g1abc3zmin-snes9x-1.62.3-unstable-2024-04-22.drv
  /nix/store/irclr4wn75jm9qlarcyx9z3jdbizxwib-system-path.drv
  /nix/store/m3mihg7fvd266yk633kxpzhajcrylnpi-dbus-1.drv
  /nix/store/jgbzdsni6g3rimvbz45ph5gbjykdzwpf-X-Restart-Triggers-dbus-broker.drv
  /nix/store/1h243vd38cyfxcr4hh7z1z22lb06vrrq-unit-dbus-broker.service.drv
  /nix/store/9xw8ijfyb8yxdz5wifdk28dgcb9bpyp5-user-units.drv
  /nix/store/6kndvxqvzaps6qqxa8jyy9vci0mp3f6x-unit-dbus-broker.service.drv
  /nix/store/d5ycqpd3fgvsfyjfvjw3iwsg78fhra5d-unit-accounts-daemon.service.drv
  /nix/store/bxzbsz1lirnb3jakbknldk85971ygcz8-X-Restart-Triggers-polkit.drv
  /nix/store/w2xvyilvw8vbys45nsy8vp5j1cxk13am-unit-polkit.service.drv
  /nix/store/dy8rqr8ky6fsh6gcdg5fij3ja3aq3v20-system-units.drv
  /nix/store/phbkrk4wgvx4a46i96grgvi0ixky9chx-etc.drv
  /nix/store/5ivjvk53jipdsdblkfjil53ga741vzhr-nixos-system-aeron-on-the-go-24.05.20240427.58a1abd.drv
  /nix/store/pkb7ja9p93wpiycwqfxfj4fj21hi7faa-system-path.drv
  /nix/store/xxzhvrc0injj8g58r3qpvjqmfvyn38dy-dbus-1.drv
  /nix/store/6silvc8fa77a5aadhdm96200hkxjv22v-X-Restart-Triggers-dbus-broker.drv
  /nix/store/f38rjfzj9z2crmz2zzaafsljvcwvh35g-unit-dbus-broker.service.drv
  /nix/store/6r73hb1njiqad320j3ixfm2hkhn16px5-user-units.drv
  /nix/store/rlrxsmpbh2wbbrggzxrvxy8qpbwyg97n-X-Restart-Triggers-polkit.drv
  /nix/store/7445vafryrk67l0gj57mpya5sn4sfpv8-unit-polkit.service.drv
  /nix/store/mjxxbw3a4mw5l6x1syypfka3rc4xir2d-unit-accounts-daemon.service.drv
  /nix/store/w5di3kwdh8bgfzdsfr9dch546zcj48yx-unit-dbus-broker.service.drv
  /nix/store/b36r84s29rqqxlqyh3y004ylnbyy10kg-system-units.drv
  /nix/store/aaln2scwm5vibhhgrh2aj4pw21pq221w-etc.drv
  /nix/store/1vcqv19vxw1a4y5s8xmk38agvxkcb7r2-nixos-system-aeron-24.05.20240427.58a1abd.drv
building '/nix/store/yz10rk4zb7ihvl77cn1jmxms299v8786-source.drv'...
building '/nix/store/3z7x8phf5ylww3lzbirzg7g1abc3zmin-snes9x-1.62.3-unstable-2024-04-22.drv'...
building '/nix/store/irclr4wn75jm9qlarcyx9z3jdbizxwib-system-path.drv'...
building '/nix/store/pkb7ja9p93wpiycwqfxfj4fj21hi7faa-system-path.drv'...
building '/nix/store/bxzbsz1lirnb3jakbknldk85971ygcz8-X-Restart-Triggers-polkit.drv'...
building '/nix/store/m3mihg7fvd266yk633kxpzhajcrylnpi-dbus-1.drv'...
building '/nix/store/d5ycqpd3fgvsfyjfvjw3iwsg78fhra5d-unit-accounts-daemon.service.drv'...
building '/nix/store/jgbzdsni6g3rimvbz45ph5gbjykdzwpf-X-Restart-Triggers-dbus-broker.drv'...
building '/nix/store/rlrxsmpbh2wbbrggzxrvxy8qpbwyg97n-X-Restart-Triggers-polkit.drv'...
building '/nix/store/xxzhvrc0injj8g58r3qpvjqmfvyn38dy-dbus-1.drv'...
building '/nix/store/mjxxbw3a4mw5l6x1syypfka3rc4xir2d-unit-accounts-daemon.service.drv'...
building '/nix/store/w2xvyilvw8vbys45nsy8vp5j1cxk13am-unit-polkit.service.drv'...
building '/nix/store/6silvc8fa77a5aadhdm96200hkxjv22v-X-Restart-Triggers-dbus-broker.drv'...
building '/nix/store/1h243vd38cyfxcr4hh7z1z22lb06vrrq-unit-dbus-broker.service.drv'...
building '/nix/store/6kndvxqvzaps6qqxa8jyy9vci0mp3f6x-unit-dbus-broker.service.drv'...
building '/nix/store/7445vafryrk67l0gj57mpya5sn4sfpv8-unit-polkit.service.drv'...
building '/nix/store/dy8rqr8ky6fsh6gcdg5fij3ja3aq3v20-system-units.drv'...
building '/nix/store/f38rjfzj9z2crmz2zzaafsljvcwvh35g-unit-dbus-broker.service.drv'...
building '/nix/store/w5di3kwdh8bgfzdsfr9dch546zcj48yx-unit-dbus-broker.service.drv'...
building '/nix/store/9xw8ijfyb8yxdz5wifdk28dgcb9bpyp5-user-units.drv'...
building '/nix/store/b36r84s29rqqxlqyh3y004ylnbyy10kg-system-units.drv'...
building '/nix/store/6r73hb1njiqad320j3ixfm2hkhn16px5-user-units.drv'...
building '/nix/store/phbkrk4wgvx4a46i96grgvi0ixky9chx-etc.drv'...
building '/nix/store/aaln2scwm5vibhhgrh2aj4pw21pq221w-etc.drv'...
building '/nix/store/5ivjvk53jipdsdblkfjil53ga741vzhr-nixos-system-aeron-on-the-go-24.05.20240427.58a1abd.drv'...
building '/nix/store/1vcqv19vxw1a4y5s8xmk38agvxkcb7r2-nixos-system-aeron-24.05.20240427.58a1abd.drv'...
updating GRUB 2 menu...
Warning: os-prober will be executed to detect other bootable partitions.
Its output will be used to detect bootable binaries on them and create new boot entries.
lsblk: /dev/mapper/no*[0-9]: not a block device
lsblk: /dev/mapper/block*[0-9]: not a block device
lsblk: /dev/mapper/devices*[0-9]: not a block device
lsblk: /dev/mapper/found*[0-9]: not a block device
Found Windows Boot Manager on /dev/nvme0n1p1@/efi/Microsoft/Boot/bootmgfw.efi
Found NixOS 24.05 (Uakari) (24.05) on /dev/nvme1n1p6
stopping the following units: accounts-daemon.service
activating the configuration...
setting up /etc...
reloading user units for aeron...
restarting sysinit-reactivation.target
reloading the following units: dbus-broker.service
restarting the following units: polkit.service
starting the following units: accounts-daemon.service
